<?xml version="1.0" encoding="UTF-8"?>
<!-- Generated by org.testng.reporters.JUnitReportReporter -->
<testsuite skipped="0" hostname="ITEM-S33161" name="com.TestCases.Tc_01_ValidataSignIn" tests="1" failures="0" timestamp="20 Jun 2019 10:31:17 GMT" time="15.312" errors="0">
  <testcase name="Tc_01_ValidataSignIn" time="15.312" classname="com.TestCases.Tc_01_ValidataSignIn"/>
</testsuite> <!-- com.TestCases.Tc_01_ValidataSignIn -->
