<?xml version="1.0" encoding="UTF-8"?>
<!-- Generated by org.testng.reporters.JUnitReportReporter -->
<testsuite skipped="0" hostname="ITEM-S33161" name="com.TestCases.Tc_02_RegisterNewUser" tests="1" failures="0" timestamp="21 Jun 2019 14:56:46 GMT" time="20.462" errors="0">
  <testcase name="Tc_01_ValidataSignIn" time="20.462" classname="com.TestCases.Tc_02_RegisterNewUser"/>
</testsuite> <!-- com.TestCases.Tc_02_RegisterNewUser -->
