<?xml version="1.0" encoding="UTF-8"?>
<!-- Generated by org.testng.reporters.JUnitReportReporter -->
<testsuite skipped="0" hostname="ITEM-S33161" name="com.TestCases.Tc_01_TestReport" tests="1" failures="0" timestamp="17 Jun 2019 21:59:20 GMT" time="0.005" errors="0">
  <testcase name="doTest" time="0.005" classname="com.TestCases.Tc_01_TestReport"/>
</testsuite> <!-- com.TestCases.Tc_01_TestReport -->
